2025-10-17 13:26:28.840 [error] Error: Unable to read file 'c:\Users\Usuario\.vscode\extensions\sonarsource.sonarlint_ondemand-analyzers\package.json' (Error: Unable to resolve nonexistent file 'c:\Users\Usuario\.vscode\extensions\sonarsource.sonarlint_ondemand-analyzers\package.json')
    at Kh.G (file:///c:/Program%20Files/Microsoft%20VS%20Code/resources/app/out/vs/code/electron-utility/sharedProcess/sharedProcessMain.js:74:89877)
    at Kh.F (file:///c:/Program%20Files/Microsoft%20VS%20Code/resources/app/out/vs/code/electron-utility/sharedProcess/sharedProcessMain.js:74:89702)
    at async Kh.D (file:///c:/Program%20Files/Microsoft%20VS%20Code/resources/app/out/vs/code/electron-utility/sharedProcess/sharedProcessMain.js:74:89074)
    at async $a.u (file:///c:/Program%20Files/Microsoft%20VS%20Code/resources/app/out/vs/code/electron-utility/sharedProcess/sharedProcessMain.js:74:45884)
    at async $a.scanExtension (file:///c:/Program%20Files/Microsoft%20VS%20Code/resources/app/out/vs/code/electron-utility/sharedProcess/sharedProcessMain.js:74:44391)
    at async Promise.all (index 105)
    at async $a.r (file:///c:/Program%20Files/Microsoft%20VS%20Code/resources/app/out/vs/code/electron-utility/sharedProcess/sharedProcessMain.js:74:42817)
    at async Sf.scanAllUserExtensions (file:///c:/Program%20Files/Microsoft%20VS%20Code/resources/app/out/vs/code/electron-utility/sharedProcess/sharedProcessMain.js:74:35677)
    at async Wh.scanAllUserExtensions (file:///c:/Program%20Files/Microsoft%20VS%20Code/resources/app/out/vs/code/electron-utility/sharedProcess/sharedProcessMain.js:74:69775)
    at async G9.H (file:///c:/Program%20Files/Microsoft%20VS%20Code/resources/app/out/vs/code/electron-utility/sharedProcess/sharedProcessMain.js:74:59589)
    at async G9.s (file:///c:/Program%20Files/Microsoft%20VS%20Code/resources/app/out/vs/code/electron-utility/sharedProcess/sharedProcessMain.js:74:57484)
2025-10-17 13:26:28.846 [error] Error: Unable to read file 'c:\Users\Usuario\.vscode\extensions\sonarsource.sonarlint_ondemand-analyzers\package.json' (Error: Unable to resolve nonexistent file 'c:\Users\Usuario\.vscode\extensions\sonarsource.sonarlint_ondemand-analyzers\package.json')
    at Kh.G (file:///c:/Program%20Files/Microsoft%20VS%20Code/resources/app/out/vs/code/electron-utility/sharedProcess/sharedProcessMain.js:74:89877)
    at Kh.F (file:///c:/Program%20Files/Microsoft%20VS%20Code/resources/app/out/vs/code/electron-utility/sharedProcess/sharedProcessMain.js:74:89702)
    at async Kh.D (file:///c:/Program%20Files/Microsoft%20VS%20Code/resources/app/out/vs/code/electron-utility/sharedProcess/sharedProcessMain.js:74:89074)
    at async $a.u (file:///c:/Program%20Files/Microsoft%20VS%20Code/resources/app/out/vs/code/electron-utility/sharedProcess/sharedProcessMain.js:74:45884)
    at async $a.scanExtension (file:///c:/Program%20Files/Microsoft%20VS%20Code/resources/app/out/vs/code/electron-utility/sharedProcess/sharedProcessMain.js:74:44391)
    at async Promise.all (index 105)
    at async $a.r (file:///c:/Program%20Files/Microsoft%20VS%20Code/resources/app/out/vs/code/electron-utility/sharedProcess/sharedProcessMain.js:74:42817)
    at async Sf.scanAllUserExtensions (file:///c:/Program%20Files/Microsoft%20VS%20Code/resources/app/out/vs/code/electron-utility/sharedProcess/sharedProcessMain.js:74:35677)
    at async Wh.scanAllUserExtensions (file:///c:/Program%20Files/Microsoft%20VS%20Code/resources/app/out/vs/code/electron-utility/sharedProcess/sharedProcessMain.js:74:69775)
    at async Wh.J (file:///c:/Program%20Files/Microsoft%20VS%20Code/resources/app/out/vs/code/electron-utility/sharedProcess/sharedProcessMain.js:74:76793)
    at async Wh.cleanUp (file:///c:/Program%20Files/Microsoft%20VS%20Code/resources/app/out/vs/code/electron-utility/sharedProcess/sharedProcessMain.js:74:69161)
    at async qh.cleanUp (file:///c:/Program%20Files/Microsoft%20VS%20Code/resources/app/out/vs/code/electron-utility/sharedProcess/sharedProcessMain.js:74:63578)
2025-10-17 13:26:29.303 [error] Error: Unable to read file 'c:\Users\Usuario\.vscode\extensions\sonarsource.sonarlint_ondemand-analyzers\package.json' (Error: Unable to resolve nonexistent file 'c:\Users\Usuario\.vscode\extensions\sonarsource.sonarlint_ondemand-analyzers\package.json')
    at Kh.G (file:///c:/Program%20Files/Microsoft%20VS%20Code/resources/app/out/vs/code/electron-utility/sharedProcess/sharedProcessMain.js:74:89877)
    at Kh.F (file:///c:/Program%20Files/Microsoft%20VS%20Code/resources/app/out/vs/code/electron-utility/sharedProcess/sharedProcessMain.js:74:89702)
    at async Kh.D (file:///c:/Program%20Files/Microsoft%20VS%20Code/resources/app/out/vs/code/electron-utility/sharedProcess/sharedProcessMain.js:74:89074)
    at async $a.u (file:///c:/Program%20Files/Microsoft%20VS%20Code/resources/app/out/vs/code/electron-utility/sharedProcess/sharedProcessMain.js:74:45884)
    at async $a.scanExtension (file:///c:/Program%20Files/Microsoft%20VS%20Code/resources/app/out/vs/code/electron-utility/sharedProcess/sharedProcessMain.js:74:44391)
    at async Promise.all (index 105)
    at async $a.r (file:///c:/Program%20Files/Microsoft%20VS%20Code/resources/app/out/vs/code/electron-utility/sharedProcess/sharedProcessMain.js:74:42817)
    at async Sf.scanAllUserExtensions (file:///c:/Program%20Files/Microsoft%20VS%20Code/resources/app/out/vs/code/electron-utility/sharedProcess/sharedProcessMain.js:74:35677)
    at async Wh.I (file:///c:/Program%20Files/Microsoft%20VS%20Code/resources/app/out/vs/code/electron-utility/sharedProcess/sharedProcessMain.js:74:76324)
    at async Wh.cleanUp (file:///c:/Program%20Files/Microsoft%20VS%20Code/resources/app/out/vs/code/electron-utility/sharedProcess/sharedProcessMain.js:74:69176)
    at async qh.cleanUp (file:///c:/Program%20Files/Microsoft%20VS%20Code/resources/app/out/vs/code/electron-utility/sharedProcess/sharedProcessMain.js:74:63578)
