2025-10-17 13:26:31.982 [info] Reading sessions from keychain...
2025-10-17 13:26:31.983 [info] Getting sessions for all scopes...
2025-10-17 13:26:31.984 [info] Got 0 sessions for ...
2025-10-17 13:26:31.985 [info] Getting sessions for all scopes...
2025-10-17 13:26:31.986 [info] Got 0 sessions for ...
2025-10-17 13:26:31.987 [info] Getting sessions for all scopes...
2025-10-17 13:26:31.988 [info] Got 0 sessions for ...
2025-10-17 13:26:31.989 [info] Getting sessions for all scopes...
2025-10-17 13:26:31.990 [info] Got 0 sessions for ...
2025-10-17 13:26:31.991 [info] Getting sessions for all scopes...
2025-10-17 13:26:31.992 [info] Got 0 sessions for ...
2025-10-17 13:26:31.993 [info] Getting sessions for all scopes...
2025-10-17 13:26:31.995 [info] Got 0 sessions for ...
2025-10-17 13:26:31.996 [info] Getting sessions for all scopes...
2025-10-17 13:26:31.998 [info] Got 0 sessions for ...
2025-10-17 13:26:31.999 [info] Getting sessions for all scopes...
2025-10-17 13:26:32.000 [info] Got 0 sessions for ...
2025-10-17 13:26:32.001 [info] Getting sessions for all scopes...
2025-10-17 13:26:32.002 [info] Got 0 sessions for ...
2025-10-17 13:26:32.002 [info] Getting sessions for all scopes...
2025-10-17 13:26:32.004 [info] Got 0 sessions for ...
2025-10-17 13:26:32.005 [info] Getting sessions for all scopes...
2025-10-17 13:26:32.006 [info] Got 0 sessions for ...
2025-10-17 13:26:32.007 [info] Getting sessions for all scopes...
2025-10-17 13:26:32.008 [info] Got 0 sessions for ...
2025-10-17 13:26:32.009 [info] Getting sessions for all scopes...
2025-10-17 13:26:32.010 [info] Got 0 sessions for ...
2025-10-17 13:26:32.011 [info] Getting sessions for all scopes...
2025-10-17 13:26:32.013 [info] Got 0 sessions for ...
2025-10-17 13:26:32.014 [info] Getting sessions for all scopes...
2025-10-17 13:26:32.015 [info] Got 0 sessions for ...
2025-10-17 13:26:34.062 [info] Getting sessions for all scopes...
2025-10-17 13:26:34.063 [info] Got 0 sessions for ...
2025-10-17 13:26:34.090 [info] Getting sessions for all scopes...
2025-10-17 13:26:34.091 [info] Got 0 sessions for ...
2025-10-17 13:26:34.093 [info] Getting sessions for all scopes...
2025-10-17 13:26:34.094 [info] Got 0 sessions for ...
2025-10-17 13:26:34.096 [info] Getting sessions for all scopes...
2025-10-17 13:26:34.097 [info] Got 0 sessions for ...
2025-10-17 13:26:38.516 [info] Getting sessions for all scopes...
2025-10-17 13:26:38.517 [info] Got 0 sessions for ...
2025-10-17 13:26:38.519 [info] Getting sessions for all scopes...
2025-10-17 13:26:38.520 [info] Got 0 sessions for ...
2025-10-17 13:26:38.884 [info] Getting sessions for all scopes...
2025-10-17 13:26:38.895 [info] Got 0 sessions for ...
2025-10-17 13:26:38.902 [info] Getting sessions for read:user,repo,user:email...
2025-10-17 13:26:38.910 [info] Got 0 sessions for read:user,repo,user:email...
2025-10-17 13:26:39.116 [info] Getting sessions for all scopes...
2025-10-17 13:26:39.124 [info] Got 0 sessions for ...
2025-10-17 13:26:49.753 [info] Getting sessions for read:user,repo,user:email...
2025-10-17 13:26:49.767 [info] Got 0 sessions for read:user,repo,user:email...
2025-10-17 13:26:50.213 [info] Getting sessions for all scopes...
2025-10-17 13:26:50.217 [info] Got 0 sessions for ...
2025-10-17 13:26:55.424 [info] Getting sessions for all scopes...
2025-10-17 13:26:55.427 [info] Got 0 sessions for ...
2025-10-17 13:26:55.429 [info] Getting sessions for all scopes...
2025-10-17 13:26:55.430 [info] Got 0 sessions for ...
2025-10-17 13:26:56.279 [info] Getting sessions for all scopes...
2025-10-17 13:26:56.286 [info] Got 0 sessions for ...
2025-10-17 13:27:00.494 [info] Getting sessions for user:email...
2025-10-17 13:27:00.501 [info] Got 0 sessions for user:email...
2025-10-17 13:27:00.526 [info] Getting sessions for read:user,repo,user:email,workflow...
2025-10-17 13:27:00.539 [info] Got 0 sessions for read:user,repo,user:email,workflow...
2025-10-17 13:27:02.463 [info] Getting sessions for all scopes...
2025-10-17 13:27:02.468 [info] Got 0 sessions for ...
2025-10-17 13:27:03.083 [info] Getting sessions for all scopes...
2025-10-17 13:27:03.100 [info] Got 0 sessions for ...
2025-10-17 13:27:03.108 [info] Getting sessions for read:user,repo,user:email,workflow...
2025-10-17 13:27:03.113 [info] Got 0 sessions for read:user,repo,user:email,workflow...
2025-10-17 13:27:03.121 [info] Getting sessions for all scopes...
2025-10-17 13:27:03.126 [info] Got 0 sessions for ...
2025-10-17 13:27:04.908 [info] Getting sessions for all scopes...
2025-10-17 13:27:04.915 [info] Got 0 sessions for ...
2025-10-17 13:27:05.178 [info] Getting sessions for read:user...
2025-10-17 13:27:05.191 [info] Got 0 sessions for read:user...
2025-10-17 13:27:05.199 [info] Getting sessions for user:email...
2025-10-17 13:27:05.205 [info] Got 0 sessions for user:email...
2025-10-17 13:27:08.506 [info] Getting sessions for user:email...
2025-10-17 13:27:08.507 [info] Got 0 sessions for user:email...
2025-10-17 13:27:08.863 [info] Getting sessions for all scopes...
2025-10-17 13:27:08.866 [info] Got 0 sessions for ...
2025-10-17 13:27:09.210 [info] Getting sessions for user:email...
2025-10-17 13:27:09.211 [info] Got 0 sessions for user:email...
2025-10-17 13:27:09.295 [info] Getting sessions for read:user,repo,user:email,workflow...
2025-10-17 13:27:09.296 [info] Got 0 sessions for read:user,repo,user:email,workflow...
2025-10-17 13:27:09.334 [info] Getting sessions for all scopes...
2025-10-17 13:27:09.335 [info] Got 0 sessions for ...
2025-10-17 13:27:09.388 [info] Getting sessions for user:email...
2025-10-17 13:27:09.389 [info] Got 0 sessions for user:email...
2025-10-17 13:27:09.558 [info] Getting sessions for all scopes...
2025-10-17 13:27:09.559 [info] Got 0 sessions for ...
2025-10-17 13:27:09.577 [info] Getting sessions for all scopes...
2025-10-17 13:27:09.578 [info] Got 0 sessions for ...
2025-10-17 13:27:09.600 [info] Getting sessions for all scopes...
2025-10-17 13:27:09.601 [info] Got 0 sessions for ...
2025-10-17 13:27:09.847 [info] Getting sessions for user:email...
2025-10-17 13:27:09.848 [info] Got 0 sessions for user:email...
2025-10-17 13:27:09.881 [info] Getting sessions for all scopes...
2025-10-17 13:27:09.882 [info] Got 0 sessions for ...
2025-10-17 13:27:09.932 [info] Getting sessions for user:email...
2025-10-17 13:27:09.933 [info] Got 0 sessions for user:email...
