2025-10-17 13:25:11.707 [info] Reading sessions from keychain...
2025-10-17 13:25:11.710 [info] Getting sessions for all scopes...
2025-10-17 13:25:11.711 [info] Got 0 sessions for ...
2025-10-17 13:25:11.713 [info] Getting sessions for all scopes...
2025-10-17 13:25:11.714 [info] Got 0 sessions for ...
2025-10-17 13:25:11.730 [info] Getting sessions for all scopes...
2025-10-17 13:25:11.731 [info] Got 0 sessions for ...
2025-10-17 13:25:11.732 [info] Getting sessions for all scopes...
2025-10-17 13:25:11.733 [info] Got 0 sessions for ...
2025-10-17 13:25:11.735 [info] Getting sessions for all scopes...
2025-10-17 13:25:11.735 [info] Got 0 sessions for ...
2025-10-17 13:25:11.737 [info] Getting sessions for all scopes...
2025-10-17 13:25:11.738 [info] Got 0 sessions for ...
2025-10-17 13:25:11.739 [info] Getting sessions for all scopes...
2025-10-17 13:25:11.740 [info] Got 0 sessions for ...
2025-10-17 13:25:12.094 [info] Getting sessions for all scopes...
2025-10-17 13:25:12.101 [info] Got 0 sessions for ...
2025-10-17 13:25:12.105 [info] Getting sessions for all scopes...
2025-10-17 13:25:12.106 [info] Got 0 sessions for ...
2025-10-17 13:25:12.111 [info] Getting sessions for all scopes...
2025-10-17 13:25:12.114 [info] Got 0 sessions for ...
2025-10-17 13:25:12.117 [info] Getting sessions for all scopes...
2025-10-17 13:25:12.118 [info] Got 0 sessions for ...
2025-10-17 13:25:12.120 [info] Getting sessions for all scopes...
2025-10-17 13:25:12.121 [info] Got 0 sessions for ...
2025-10-17 13:25:12.122 [info] Getting sessions for all scopes...
2025-10-17 13:25:12.123 [info] Got 0 sessions for ...
2025-10-17 13:25:12.248 [info] Getting sessions for all scopes...
2025-10-17 13:25:12.249 [info] Got 0 sessions for ...
2025-10-17 13:25:15.027 [info] Getting sessions for all scopes...
2025-10-17 13:25:15.035 [info] Got 0 sessions for ...
2025-10-17 13:25:15.514 [info] Getting sessions for all scopes...
2025-10-17 13:25:15.515 [info] Got 0 sessions for ...
2025-10-17 13:25:15.516 [info] Getting sessions for all scopes...
2025-10-17 13:25:15.517 [info] Got 0 sessions for ...
2025-10-17 13:25:15.531 [info] Getting sessions for all scopes...
2025-10-17 13:25:15.532 [info] Got 0 sessions for ...
2025-10-17 13:25:19.736 [info] Getting sessions for all scopes...
2025-10-17 13:25:19.738 [info] Got 0 sessions for ...
2025-10-17 13:25:19.794 [info] Getting sessions for read:user,repo,user:email...
2025-10-17 13:25:19.802 [info] Got 0 sessions for read:user,repo,user:email...
2025-10-17 13:25:20.021 [info] Getting sessions for read:user,repo,user:email...
2025-10-17 13:25:20.023 [info] Got 0 sessions for read:user,repo,user:email...
2025-10-17 13:25:21.775 [info] Getting sessions for read:user,repo,user:email,workflow...
2025-10-17 13:25:21.776 [info] Got 0 sessions for read:user,repo,user:email,workflow...
2025-10-17 13:25:22.074 [info] Getting sessions for all scopes...
2025-10-17 13:25:22.075 [info] Got 0 sessions for ...
2025-10-17 13:25:22.077 [info] Getting sessions for all scopes...
2025-10-17 13:25:22.078 [info] Got 0 sessions for ...
2025-10-17 13:25:23.249 [info] Getting sessions for all scopes...
2025-10-17 13:25:23.250 [info] Got 0 sessions for ...
2025-10-17 13:25:33.846 [info] Getting sessions for all scopes...
2025-10-17 13:25:33.848 [info] Got 0 sessions for ...
2025-10-17 13:25:36.103 [info] Getting sessions for all scopes...
2025-10-17 13:25:36.104 [info] Got 0 sessions for ...
2025-10-17 13:25:36.106 [info] Getting sessions for all scopes...
2025-10-17 13:25:36.107 [info] Got 0 sessions for ...
2025-10-17 13:25:39.904 [info] Getting sessions for all scopes...
2025-10-17 13:25:39.917 [info] Got 0 sessions for ...
2025-10-17 13:25:40.222 [info] Getting sessions for user:email...
2025-10-17 13:25:40.232 [info] Got 0 sessions for user:email...
2025-10-17 13:25:40.261 [info] Getting sessions for read:user,repo,user:email,workflow...
2025-10-17 13:25:40.267 [info] Got 0 sessions for read:user,repo,user:email,workflow...
2025-10-17 13:25:42.294 [info] Getting sessions for all scopes...
2025-10-17 13:25:42.297 [info] Got 0 sessions for ...
2025-10-17 13:25:42.577 [info] Getting sessions for all scopes...
2025-10-17 13:25:42.586 [info] Got 0 sessions for ...
2025-10-17 13:25:42.591 [info] Getting sessions for read:user,repo,user:email,workflow...
2025-10-17 13:25:42.597 [info] Got 0 sessions for read:user,repo,user:email,workflow...
2025-10-17 13:25:42.600 [info] Getting sessions for all scopes...
2025-10-17 13:25:42.606 [info] Got 0 sessions for ...
2025-10-17 13:25:42.813 [info] Getting sessions for all scopes...
2025-10-17 13:25:42.819 [info] Got 0 sessions for ...
2025-10-17 13:25:43.036 [info] Getting sessions for read:user...
2025-10-17 13:25:43.042 [info] Got 0 sessions for read:user...
2025-10-17 13:25:43.055 [info] Getting sessions for user:email...
2025-10-17 13:25:43.065 [info] Got 0 sessions for user:email...
2025-10-17 13:25:43.645 [info] Getting sessions for user:email...
2025-10-17 13:25:43.649 [info] Got 0 sessions for user:email...
2025-10-17 13:25:45.233 [info] Getting sessions for all scopes...
2025-10-17 13:25:45.236 [info] Got 0 sessions for ...
2025-10-17 13:25:45.273 [info] Getting sessions for user:email...
2025-10-17 13:25:45.276 [info] Got 0 sessions for user:email...
2025-10-17 13:25:45.317 [info] Getting sessions for all scopes...
2025-10-17 13:25:45.320 [info] Got 0 sessions for ...
2025-10-17 13:25:45.386 [info] Getting sessions for user:email...
2025-10-17 13:25:45.387 [info] Got 0 sessions for user:email...
2025-10-17 13:25:45.617 [info] Getting sessions for all scopes...
2025-10-17 13:25:45.623 [info] Got 0 sessions for ...
2025-10-17 13:25:45.715 [info] Getting sessions for all scopes...
2025-10-17 13:25:45.717 [info] Got 0 sessions for ...
2025-10-17 13:25:45.732 [info] Getting sessions for all scopes...
2025-10-17 13:25:45.736 [info] Got 0 sessions for ...
2025-10-17 13:25:47.070 [info] Getting sessions for user:email...
2025-10-17 13:25:47.071 [info] Got 0 sessions for user:email...
