2025-10-17 13:25:00.721 [info] update#setState idle
2025-10-17 13:25:00.803 [error] [File Watcher (node.js)] Failed to watch \\wsl.localhost\Ubuntu-22.04\root\atlantico\demoday\cadastroPessoa-Minsait-Backend-JavaSpringBoot\~\.vscode-root.vscode-root\User for changes using fs.watch() (Error: EISDIR: illegal operation on a directory, watch '\\wsl.localhost\Ubuntu-22.04\root\atlantico\demoday\cadastroPessoa-Minsait-Backend-JavaSpringBoot\~\.vscode-root.vscode-root\User')
2025-10-17 13:25:02.492 [error] [storage state.vscdb] exec(): Error: SQLITE_BUSY: database is locked
2025-10-17 13:25:02.495 [error] [storage state.vscdb] open(): Unable to open DB due to Error: SQLITE_BUSY: database is locked
2025-10-17 13:25:02.524 [error] [storage state.vscdb] exec(): Error: SQLITE_BUSY: database is locked
2025-10-17 13:25:02.527 [error] [storage state.vscdb] open(): Unable to open DB due to Error: SQLITE_BUSY: database is locked
2025-10-17 13:25:05.148 [error] [File Watcher (node.js)] Failed to watch \\wsl.localhost\Ubuntu-22.04\root\atlantico\demoday\cadastroPessoa-Minsait-Backend-JavaSpringBoot\~\.vscode-root.vscode-root\User for changes using fs.watch() (Error: EISDIR: illegal operation on a directory, watch '\\wsl.localhost\Ubuntu-22.04\root\atlantico\demoday\cadastroPessoa-Minsait-Backend-JavaSpringBoot\~\.vscode-root.vscode-root\User')
2025-10-17 13:25:06.198 [error] [storage state.vscdb] exec(): Error: SQLITE_BUSY: database is locked
2025-10-17 13:25:06.200 [error] [storage state.vscdb] exec(): Error: SQLITE_BUSY: database is locked
2025-10-17 13:25:06.202 [error] [storage state.vscdb] open(): Unable to open DB due to Error: SQLITE_BUSY: database is locked
2025-10-17 13:25:06.204 [error] [storage state.vscdb] open(): Unable to open DB due to Error: SQLITE_BUSY: database is locked
2025-10-17 13:25:07.729 [error] [storage state.vscdb] exec(): Error: SQLITE_BUSY: database is locked
2025-10-17 13:25:07.731 [error] [storage state.vscdb] exec(): Error: SQLITE_BUSY: database is locked
2025-10-17 13:25:07.735 [error] [storage state.vscdb] open(): Unable to use backup due to Error: SQLITE_BUSY: database is locked
2025-10-17 13:25:07.737 [error] [storage state.vscdb] open(): Unable to use backup due to Error: SQLITE_BUSY: database is locked
2025-10-17 13:25:30.706 [info] update#setState checking for updates
2025-10-17 13:25:31.205 [info] update#setState downloading
2025-10-17 13:25:31.209 [info] update#setState downloaded
2025-10-17 13:25:35.684 [error] [File Watcher (node.js)] Failed to watch \\wsl.localhost\Ubuntu-22.04\root\atlantico\demoday\cadastroPessoa-Minsait-Backend-JavaSpringBoot\~\.vscode-root.vscode-root\User\settings.json for changes using fs.watch() (Error: EISDIR: illegal operation on a directory, watch '\\wsl.localhost\Ubuntu-22.04\root\atlantico\demoday\cadastroPessoa-Minsait-Backend-JavaSpringBoot\~\.vscode-root.vscode-root\User\settings.json')
2025-10-17 13:25:35.706 [error] [File Watcher (node.js)] Failed to watch \\wsl.localhost\Ubuntu-22.04\root\atlantico\demoday\cadastroPessoa-Minsait-Backend-JavaSpringBoot\~\.vscode-root.vscode-root\User\settings.json for changes using fs.watch() (Error: EISDIR: illegal operation on a directory, watch '\\wsl.localhost\Ubuntu-22.04\root\atlantico\demoday\cadastroPessoa-Minsait-Backend-JavaSpringBoot\~\.vscode-root.vscode-root\User\settings.json')
2025-10-17 13:26:11.673 [error] [storage state.vscdb] exec(): Error: SQLITE_BUSY: database is locked
2025-10-17 13:26:11.743 [error] [storage state.vscdb] exec(): Error: SQLITE_BUSY: database is locked
2025-10-17 13:26:11.801 [info] Extension host with pid 17072 exited with code: 0, signal: unknown.
2025-10-17 13:26:11.802 [error] Error: SQLITE_BUSY: database is locked
