[2025-10-17T16:25:20.579Z] Dev Containers 0.427.0 in VS Code 1.105.0 (03c265b1adee71ac88f833e065f7bb956b60550a).
[2025-10-17T16:25:20.579Z] Start: Run: wsl -d Ubuntu-22.04 -e wslpath -u \\wsl.localhost\Ubuntu-22.04\root\atlantico\demoday\cadastroPessoa-Minsait-Backend-JavaSpringBoot
[2025-10-17T16:25:22.682Z] Stop (2103 ms): Run: wsl -d Ubuntu-22.04 -e wslpath -u \\wsl.localhost\Ubuntu-22.04\root\atlantico\demoday\cadastroPessoa-Minsait-Backend-JavaSpringBoot
[2025-10-17T16:25:22.687Z] Start: Run: wsl -d Ubuntu-22.04 -e /bin/sh -c cd '/root/atlantico/demoday/cadastroPessoa-Minsait-Backend-JavaSpringBoot' && /bin/sh
[2025-10-17T16:25:22.740Z] Start: Run in host: id -un
[2025-10-17T16:25:23.061Z] root
[2025-10-17T16:25:23.061Z] 
[2025-10-17T16:25:23.062Z] Stop (322 ms): Run in host: id -un
[2025-10-17T16:25:23.063Z] Start: Run in host:  (command -v getent >/dev/null 2>&1 && getent passwd 'root' || grep -E '^root|^[^:]*:[^:]*:root:' /etc/passwd || true)
[2025-10-17T16:25:23.069Z] Stop (6 ms): Run in host:  (command -v getent >/dev/null 2>&1 && getent passwd 'root' || grep -E '^root|^[^:]*:[^:]*:root:' /etc/passwd || true)
[2025-10-17T16:25:23.069Z] Start: Run in host: echo ~
[2025-10-17T16:25:23.071Z] /root
[2025-10-17T16:25:23.072Z] 
[2025-10-17T16:25:23.072Z] Stop (3 ms): Run in host: echo ~
[2025-10-17T16:25:23.073Z] Start: Run in host: test -f '/root/.vscode-server/cli/servers/Stable-03c265b1adee71ac88f833e065f7bb956b60550a/server/node'
[2025-10-17T16:25:23.082Z] 
[2025-10-17T16:25:23.083Z] 
[2025-10-17T16:25:23.083Z] Exit code 1
[2025-10-17T16:25:23.084Z] Stop (11 ms): Run in host: test -f '/root/.vscode-server/cli/servers/Stable-03c265b1adee71ac88f833e065f7bb956b60550a/server/node'
[2025-10-17T16:25:23.084Z] Start: Run in host: test -f '/root/.vscode/cli/servers/Stable-03c265b1adee71ac88f833e065f7bb956b60550a/server/node'
[2025-10-17T16:25:23.087Z] 
[2025-10-17T16:25:23.088Z] 
[2025-10-17T16:25:23.088Z] Exit code 1
[2025-10-17T16:25:23.089Z] Stop (5 ms): Run in host: test -f '/root/.vscode/cli/servers/Stable-03c265b1adee71ac88f833e065f7bb956b60550a/server/node'
[2025-10-17T16:25:23.089Z] Start: Run in host: test -f '/root/.vscode-server/bin/03c265b1adee71ac88f833e065f7bb956b60550a/node'
[2025-10-17T16:25:23.159Z] 
[2025-10-17T16:25:23.160Z] 
[2025-10-17T16:25:23.160Z] Stop (71 ms): Run in host: test -f '/root/.vscode-server/bin/03c265b1adee71ac88f833e065f7bb956b60550a/node'
[2025-10-17T16:25:23.160Z] Start: Run in host: test -f '/root/.vscode-server/bin/03c265b1adee71ac88f833e065f7bb956b60550a/node_modules/node-pty/package.json'
[2025-10-17T16:25:23.169Z] 
[2025-10-17T16:25:23.169Z] 
[2025-10-17T16:25:23.170Z] Stop (10 ms): Run in host: test -f '/root/.vscode-server/bin/03c265b1adee71ac88f833e065f7bb956b60550a/node_modules/node-pty/package.json'
[2025-10-17T16:25:23.170Z] Start: Run in host: test -f '/root/.vscode-remote-containers/dist/vscode-remote-containers-server-0.427.0.js'
[2025-10-17T16:25:23.252Z] 
[2025-10-17T16:25:23.254Z] 
[2025-10-17T16:25:23.254Z] Stop (84 ms): Run in host: test -f '/root/.vscode-remote-containers/dist/vscode-remote-containers-server-0.427.0.js'
[2025-10-17T16:25:23.265Z] userEnvProbe: loginInteractiveShell (default)
[2025-10-17T16:25:23.266Z] userEnvProbe: not found in cache
[2025-10-17T16:25:23.268Z] userEnvProbe shell: /bin/bash
[2025-10-17T16:25:32.679Z] Start: Run in Host: /bin/sh 
[2025-10-17T16:25:33.518Z] userEnvProbe is taking longer than 10 seconds. Avoid waiting for user input in your shell's startup scripts. Continuing.
[2025-10-17T16:25:33.889Z] Start: Run in container: for pid in `cd /proc && ls -d [0-9]*`; do { echo $pid ; readlink /proc/$pid/cwd || echo ; readlink /proc/$pid/ns/mnt || echo ; cat /proc/$pid/stat | tr "
[2025-10-17T16:25:37.325Z] Stop (3436 ms): Run in container: for pid in `cd /proc && ls -d [0-9]*`; do { echo $pid ; readlink /proc/$pid/cwd || echo ; readlink /proc/$pid/ns/mnt || echo ; cat /proc/$pid/stat | tr "
[2025-10-17T16:25:39.949Z] userEnvProbe is taking longer than 2 seconds. Process not found.
[2025-10-17T16:25:40.284Z] Stop (7605 ms): Run in Host: /bin/sh 
[2025-10-17T16:25:45.083Z] Initializing configuration support...
[2025-10-17T16:25:45.085Z] Internal initialization of dev container support package...
[2025-10-17T16:25:45.104Z] Start: Run: wsl -d Ubuntu-22.04 -e wslpath -u \\wsl.localhost\Ubuntu-22.04\root\atlantico\demoday\cadastroPessoa-Minsait-Backend-JavaSpringBoot
[2025-10-17T16:25:50.569Z] Stop (5465 ms): Run: wsl -d Ubuntu-22.04 -e wslpath -u \\wsl.localhost\Ubuntu-22.04\root\atlantico\demoday\cadastroPessoa-Minsait-Backend-JavaSpringBoot
